# JRE version: OpenJDK Runtime Environment Temurin-17.0.7+7 (17.0.7+7) (build 17.0.7+7)
# Java VM: OpenJDK 64-Bit Server VM Temurin-17.0.7+7 (17.0.7+7, mixed mode, emulated-client, tiered, compressed oops, compressed class ptrs, g1 gc, windows-amd64)
GC Precious Log:
 CPUs: 4 total, 4 available
 Memory: 16322M
 Large Page Support: Disabled
 NUMA Support: Disabled
 Compressed Oops: Enabled (32-bit)
 Heap Region Size: 1M
 Heap Min Capacity: 8M
 Heap Initial Capacity: 256M
 Heap Max Capacity: 1G
 Pre-touch: Disabled
 Parallel Workers: 4
 Concurrent Workers: 1
 Concurrent Refinement Workers: 4
 Periodic GC: Disabled
Heap:
 garbage-first heap   total 48128K, used 14683K [0x00000000c0000000, 0x0000000100000000)
  region size 1024K, 1 young (1024K), 0 survivors (0K)
 Metaspace       used 36216K, committed 36608K, reserved 1114112K
  class space    used 4798K, committed 4992K, reserved 1048576K
GC Heap History (20 events):
Event: 156164.760 GC heap before
{Heap before GC invocations=14825 (full 14805):
 garbage-first heap   total 48128K, used 14683K [0x00000000c0000000, 0x0000000100000000)
  region size 1024K, 1 young (1024K), 0 survivors (0K)
 Metaspace       used 36216K, committed 36608K, reserved 1114112K
  class space    used 4798K, committed 4992K, reserved 1048576K
}
Event: 156164.777 GC heap after
{Heap after GC invocations=14826 (full 14806):
 garbage-first heap   total 48128K, used 14683K [0x00000000c0000000, 0x0000000100000000)
  region size 1024K, 0 young (0K), 0 survivors (0K)
 Metaspace       used 36216K, committed 36608K, reserved 1114112K
  class space    used 4798K, committed 4992K, reserved 1048576K
}
Event: 156175.034 GC heap before
{Heap before GC invocations=14826 (full 14806):
 garbage-first heap   total 48128K, used 14683K [0x00000000c0000000, 0x0000000100000000)
  region size 1024K, 1 young (1024K), 0 survivors (0K)
 Metaspace       used 36216K, committed 36608K, reserved 1114112K
  class space    used 4798K, committed 4992K, reserved 1048576K
}
Event: 156175.050 GC heap after
{Heap after GC invocations=14827 (full 14807):
 garbage-first heap   total 48128K, used 14683K [0x00000000c0000000, 0x0000000100000000)
  region size 1024K, 0 young (0K), 0 survivors (0K)
 Metaspace       used 36216K, committed 36608K, reserved 1114112K
  class space    used 4798K, committed 4992K, reserved 1048576K
}
Event: 156185.316 GC heap before
{Heap before GC invocations=14827 (full 14807):
 garbage-first heap   total 48128K, used 14683K [0x00000000c0000000, 0x0000000100000000)
  region size 1024K, 1 young (1024K), 0 survivors (0K)
 Metaspace       used 36216K, committed 36608K, reserved 1114112K
  class space    used 4798K, committed 4992K, reserved 1048576K
}
Event: 156185.331 GC heap after
{Heap after GC invocations=14828 (full 14808):
 garbage-first heap   total 48128K, used 14683K [0x00000000c0000000, 0x0000000100000000)
  region size 1024K, 0 young (0K), 0 survivors (0K)
 Metaspace       used 36216K, committed 36608K, reserved 1114112K
  class space    used 4798K, committed 4992K, reserved 1048576K
}
Event: 156195.602 GC heap before
{Heap before GC invocations=14828 (full 14808):
 garbage-first heap   total 48128K, used 14683K [0x00000000c0000000, 0x0000000100000000)
  region size 1024K, 1 young (1024K), 0 survivors (0K)
 Metaspace       used 36216K, committed 36608K, reserved 1114112K
  class space    used 4798K, committed 4992K, reserved 1048576K
}
Event: 156195.619 GC heap after
{Heap after GC invocations=14829 (full 14809):
 garbage-first heap   total 48128K, used 14683K [0x00000000c0000000, 0x0000000100000000)
  region size 1024K, 0 young (0K), 0 survivors (0K)
 Metaspace       used 36216K, committed 36608K, reserved 1114112K
  class space    used 4798K, committed 4992K, reserved 1048576K
}
Event: 156205.876 GC heap before
{Heap before GC invocations=14829 (full 14809):
 garbage-first heap   total 48128K, used 14683K [0x00000000c0000000, 0x0000000100000000)
  region size 1024K, 1 young (1024K), 0 survivors (0K)
 Metaspace       used 36216K, committed 36608K, reserved 1114112K
  class space    used 4798K, committed 4992K, reserved 1048576K
}
Event: 156205.892 GC heap after
{Heap after GC invocations=14830 (full 14810):
 garbage-first heap   total 48128K, used 14683K [0x00000000c0000000, 0x0000000100000000)
  region size 1024K, 0 young (0K), 0 survivors (0K)
 Metaspace       used 36216K, committed 36608K, reserved 1114112K
  class space    used 4798K, committed 4992K, reserved 1048576K
}
Event: 156216.156 GC heap before
{Heap before GC invocations=14830 (full 14810):
 garbage-first heap   total 48128K, used 14683K [0x00000000c0000000, 0x0000000100000000)
  region size 1024K, 1 young (1024K), 0 survivors (0K)
 Metaspace       used 36216K, committed 36608K, reserved 1114112K
  class space    used 4798K, committed 4992K, reserved 1048576K
}
Event: 156216.172 GC heap after
{Heap after GC invocations=14831 (full 14811):
 garbage-first heap   total 48128K, used 14683K [0x00000000c0000000, 0x0000000100000000)
  region size 1024K, 0 young (0K), 0 survivors (0K)
 Metaspace       used 36216K, committed 36608K, reserved 1114112K
  class space    used 4798K, committed 4992K, reserved 1048576K
}
Event: 156226.451 GC heap before
{Heap before GC invocations=14831 (full 14811):
 garbage-first heap   total 48128K, used 14683K [0x00000000c0000000, 0x0000000100000000)
  region size 1024K, 1 young (1024K), 0 survivors (0K)
 Metaspace       used 36216K, committed 36608K, reserved 1114112K
  class space    used 4798K, committed 4992K, reserved 1048576K
}
Event: 156226.468 GC heap after
{Heap after GC invocations=14832 (full 14812):
 garbage-first heap   total 48128K, used 14683K [0x00000000c0000000, 0x0000000100000000)
  region size 1024K, 0 young (0K), 0 survivors (0K)
 Metaspace       used 36216K, committed 36608K, reserved 1114112K
  class space    used 4798K, committed 4992K, reserved 1048576K
}
Event: 156236.736 GC heap before
{Heap before GC invocations=14832 (full 14812):
 garbage-first heap   total 48128K, used 14683K [0x00000000c0000000, 0x0000000100000000)
  region size 1024K, 1 young (1024K), 0 survivors (0K)
 Metaspace       used 36216K, committed 36608K, reserved 1114112K
  class space    used 4798K, committed 4992K, reserved 1048576K
}
Event: 156236.753 GC heap after
{Heap after GC invocations=14833 (full 14813):
 garbage-first heap   total 48128K, used 14683K [0x00000000c0000000, 0x0000000100000000)
  region size 1024K, 0 young (0K), 0 survivors (0K)
 Metaspace       used 36216K, committed 36608K, reserved 1114112K
  class space    used 4798K, committed 4992K, reserved 1048576K
}
Event: 156247.034 GC heap before
{Heap before GC invocations=14833 (full 14813):
 garbage-first heap   total 48128K, used 14683K [0x00000000c0000000, 0x0000000100000000)
  region size 1024K, 1 young (1024K), 0 survivors (0K)
 Metaspace       used 36216K, committed 36608K, reserved 1114112K
  class space    used 4798K, committed 4992K, reserved 1048576K
}
Event: 156247.050 GC heap after
{Heap after GC invocations=14834 (full 14814):
 garbage-first heap   total 48128K, used 14683K [0x00000000c0000000, 0x0000000100000000)
  region size 1024K, 0 young (0K), 0 survivors (0K)
 Metaspace       used 36216K, committed 36608K, reserved 1114112K
  class space    used 4798K, committed 4992K, reserved 1048576K
}
Event: 156257.323 GC heap before
{Heap before GC invocations=14834 (full 14814):
 garbage-first heap   total 48128K, used 14683K [0x00000000c0000000, 0x0000000100000000)
  region size 1024K, 1 young (1024K), 0 survivors (0K)
 Metaspace       used 36216K, committed 36608K, reserved 1114112K
  class space    used 4798K, committed 4992K, reserved 1048576K
}
Event: 156257.338 GC heap after
{Heap after GC invocations=14835 (full 14815):
 garbage-first heap   total 48128K, used 14683K [0x00000000c0000000, 0x0000000100000000)
  region size 1024K, 0 young (0K), 0 survivors (0K)
 Metaspace       used 36216K, committed 36608K, reserved 1114112K
  class space    used 4798K, committed 4992K, reserved 1048576K
}

