# JRE version: OpenJDK Runtime Environment Temurin-17.0.7+7 (17.0.7+7) (build 17.0.7+7)
# Java VM: OpenJDK 64-Bit Server VM Temurin-17.0.7+7 (17.0.7+7, mixed mode, emulated-client, tiered, compressed oops, compressed class ptrs, g1 gc, windows-amd64)
GC Precious Log:
 CPUs: 4 total, 4 available
 Memory: 16322M
 Large Page Support: Disabled
 NUMA Support: Disabled
 Compressed Oops: Enabled (32-bit)
 Heap Region Size: 1M
 Heap Min Capacity: 8M
 Heap Initial Capacity: 256M
 Heap Max Capacity: 1G
 Pre-touch: Disabled
 Parallel Workers: 4
 Concurrent Workers: 1
 Concurrent Refinement Workers: 4
 Periodic GC: Disabled
Heap:
 garbage-first heap   total 499712K, used 348984K [0x00000000c0000000, 0x0000000100000000)
  region size 1024K, 65 young (66560K), 8 survivors (8192K)
 Metaspace       used 52759K, committed 53248K, reserved 1114112K
  class space    used 6657K, committed 6848K, reserved 1048576K
GC Heap History (20 events):
Event: 18.056 GC heap before
{Heap before GC invocations=32 (full 0):
 garbage-first heap   total 499712K, used 412645K [0x00000000c0000000, 0x0000000100000000)
  region size 1024K, 260 young (266240K), 23 survivors (23552K)
 Metaspace       used 52035K, committed 52480K, reserved 1114112K
  class space    used 6559K, committed 6720K, reserved 1048576K
}
Event: 18.068 GC heap after
{Heap after GC invocations=33 (full 0):
 garbage-first heap   total 499712K, used 183269K [0x00000000c0000000, 0x0000000100000000)
  region size 1024K, 23 young (23552K), 23 survivors (23552K)
 Metaspace       used 52035K, committed 52480K, reserved 1114112K
  class space    used 6559K, committed 6720K, reserved 1048576K
}
Event: 18.403 GC heap before
{Heap before GC invocations=33 (full 0):
 garbage-first heap   total 499712K, used 415717K [0x00000000c0000000, 0x0000000100000000)
  region size 1024K, 251 young (257024K), 23 survivors (23552K)
 Metaspace       used 52652K, committed 53120K, reserved 1114112K
  class space    used 6645K, committed 6848K, reserved 1048576K
}
Event: 18.416 GC heap after
{Heap after GC invocations=34 (full 0):
 garbage-first heap   total 499712K, used 195045K [0x00000000c0000000, 0x0000000100000000)
  region size 1024K, 23 young (23552K), 23 survivors (23552K)
 Metaspace       used 52652K, committed 53120K, reserved 1114112K
  class space    used 6645K, committed 6848K, reserved 1048576K
}
Event: 18.747 GC heap before
{Heap before GC invocations=34 (full 0):
 garbage-first heap   total 499712K, used 417253K [0x00000000c0000000, 0x0000000100000000)
  region size 1024K, 241 young (246784K), 23 survivors (23552K)
 Metaspace       used 52656K, committed 53120K, reserved 1114112K
  class space    used 6646K, committed 6848K, reserved 1048576K
}
Event: 18.759 GC heap after
{Heap after GC invocations=35 (full 0):
 garbage-first heap   total 499712K, used 206821K [0x00000000c0000000, 0x0000000100000000)
  region size 1024K, 22 young (22528K), 22 survivors (22528K)
 Metaspace       used 52656K, committed 53120K, reserved 1114112K
  class space    used 6646K, committed 6848K, reserved 1048576K
}
Event: 19.085 GC heap before
{Heap before GC invocations=35 (full 0):
 garbage-first heap   total 499712K, used 419813K [0x00000000c0000000, 0x0000000100000000)
  region size 1024K, 231 young (236544K), 22 survivors (22528K)
 Metaspace       used 52656K, committed 53120K, reserved 1114112K
  class space    used 6646K, committed 6848K, reserved 1048576K
}
Event: 19.097 GC heap after
{Heap after GC invocations=36 (full 0):
 garbage-first heap   total 499712K, used 219621K [0x00000000c0000000, 0x0000000100000000)
  region size 1024K, 23 young (23552K), 23 survivors (23552K)
 Metaspace       used 52656K, committed 53120K, reserved 1114112K
  class space    used 6646K, committed 6848K, reserved 1048576K
}
Event: 19.421 GC heap before
{Heap before GC invocations=36 (full 0):
 garbage-first heap   total 499712K, used 422373K [0x00000000c0000000, 0x0000000100000000)
  region size 1024K, 220 young (225280K), 23 survivors (23552K)
 Metaspace       used 52656K, committed 53120K, reserved 1114112K
  class space    used 6646K, committed 6848K, reserved 1048576K
}
Event: 19.434 GC heap after
{Heap after GC invocations=37 (full 0):
 garbage-first heap   total 499712K, used 231909K [0x00000000c0000000, 0x0000000100000000)
  region size 1024K, 22 young (22528K), 22 survivors (22528K)
 Metaspace       used 52656K, committed 53120K, reserved 1114112K
  class space    used 6646K, committed 6848K, reserved 1048576K
}
Event: 19.919 GC heap before
{Heap before GC invocations=37 (full 0):
 garbage-first heap   total 499712K, used 423397K [0x00000000c0000000, 0x0000000100000000)
  region size 1024K, 209 young (214016K), 22 survivors (22528K)
 Metaspace       used 52759K, committed 53248K, reserved 1114112K
  class space    used 6657K, committed 6848K, reserved 1048576K
}
Event: 19.950 GC heap after
{Heap after GC invocations=38 (full 0):
 garbage-first heap   total 499712K, used 258533K [0x00000000c0000000, 0x0000000100000000)
  region size 1024K, 27 young (27648K), 27 survivors (27648K)
 Metaspace       used 52759K, committed 53248K, reserved 1114112K
  class space    used 6657K, committed 6848K, reserved 1048576K
}
Event: 20.338 GC heap before
{Heap before GC invocations=38 (full 0):
 garbage-first heap   total 499712K, used 309733K [0x00000000c0000000, 0x0000000100000000)
  region size 1024K, 79 young (80896K), 27 survivors (27648K)
 Metaspace       used 52759K, committed 53248K, reserved 1114112K
  class space    used 6657K, committed 6848K, reserved 1048576K
}
Event: 20.367 GC heap after
{Heap after GC invocations=39 (full 0):
 garbage-first heap   total 499712K, used 277477K [0x00000000c0000000, 0x0000000100000000)
  region size 1024K, 18 young (18432K), 18 survivors (18432K)
 Metaspace       used 52759K, committed 53248K, reserved 1114112K
  class space    used 6657K, committed 6848K, reserved 1048576K
}
Event: 20.442 GC heap before
{Heap before GC invocations=39 (full 0):
 garbage-first heap   total 499712K, used 384997K [0x00000000c0000000, 0x0000000100000000)
  region size 1024K, 122 young (124928K), 18 survivors (18432K)
 Metaspace       used 52759K, committed 53248K, reserved 1114112K
  class space    used 6657K, committed 6848K, reserved 1048576K
}
Event: 20.470 GC heap after
{Heap after GC invocations=40 (full 0):
 garbage-first heap   total 499712K, used 294885K [0x00000000c0000000, 0x0000000100000000)
  region size 1024K, 16 young (16384K), 16 survivors (16384K)
 Metaspace       used 52759K, committed 53248K, reserved 1114112K
  class space    used 6657K, committed 6848K, reserved 1048576K
}
Event: 20.503 GC heap before
{Heap before GC invocations=40 (full 0):
 garbage-first heap   total 499712K, used 389092K [0x00000000c0000000, 0x0000000100000000)
  region size 1024K, 109 young (111616K), 16 survivors (16384K)
 Metaspace       used 52759K, committed 53248K, reserved 1114112K
  class space    used 6657K, committed 6848K, reserved 1048576K
}
Event: 20.519 GC heap after
{Heap after GC invocations=41 (full 0):
 garbage-first heap   total 499712K, used 298981K [0x00000000c0000000, 0x0000000100000000)
  region size 1024K, 5 young (5120K), 5 survivors (5120K)
 Metaspace       used 52759K, committed 53248K, reserved 1114112K
  class space    used 6657K, committed 6848K, reserved 1048576K
}
Event: 20.558 GC heap before
{Heap before GC invocations=41 (full 0):
 garbage-first heap   total 499712K, used 398309K [0x00000000c0000000, 0x0000000100000000)
  region size 1024K, 103 young (105472K), 5 survivors (5120K)
 Metaspace       used 52759K, committed 53248K, reserved 1114112K
  class space    used 6657K, committed 6848K, reserved 1048576K
}
Event: 20.561 GC heap after
{Heap after GC invocations=42 (full 0):
 garbage-first heap   total 499712K, used 301880K [0x00000000c0000000, 0x0000000100000000)
  region size 1024K, 8 young (8192K), 8 survivors (8192K)
 Metaspace       used 52759K, committed 53248K, reserved 1114112K
  class space    used 6657K, committed 6848K, reserved 1048576K
}

